<?xml version="1.0" encoding="UTF-8"?>
<!-- Generated by org.testng.reporters.JUnitReportReporter -->
<testsuite skipped="0" hostname="DESKTOP-KRLAL0I" name="com.project.Automation.TC_001" tests="1" failures="0" timestamp="26 Dec 2018 05:18:31 GMT" time="23.924" errors="0">
  <testcase name="AmazonSearch" time="23.924" classname="com.project.Automation.TC_001"/>
</testsuite> <!-- com.project.Automation.TC_001 -->
